# JRE version: Java(TM) SE Runtime Environment (19.0.2+7) (build 19.0.2+7-44)
# Java VM: Java HotSpot(TM) 64-Bit Server VM (19.0.2+7-44, mixed mode, sharing, tiered, compressed oops, compressed class ptrs, g1 gc, windows-amd64)
GC Precious Log:
 CardTable entry size: 512
 Card Set container configuration: InlinePtr #cards 5 size 8 Array Of Cards #cards 12 size 40 Howl #buckets 4 coarsen threshold 1843 Howl Bitmap #cards 512 size 80 coarsen threshold 460 Card regions per heap region 1 cards per card region 2048
 CPUs: 4 total, 4 available
 Memory: 8067M
 Large Page Support: Disabled
 NUMA Support: Disabled
 Compressed Oops: Enabled (32-bit)
 Heap Region Size: 1M
 Heap Min Capacity: 8M
 Heap Initial Capacity: 128M
 Heap Max Capacity: 2G
 Pre-touch: Disabled
 Parallel Workers: 4
 Concurrent Workers: 1
 Concurrent Refinement Workers: 4
 Periodic GC: Disabled
Heap:
 garbage-first heap   total 87040K, used 70040K [0x0000000080000000, 0x0000000100000000)
  region size 1024K, 22 young (22528K), 1 survivors (1024K)
 Metaspace       used 60747K, committed 62656K, reserved 487424K
  class space    used 8313K, committed 9280K, reserved 421888K
GC Heap History (20 events):
Event: 205.053 GC heap before
{Heap before GC invocations=13 (full 0):
 garbage-first heap   total 81920K, used 62549K [0x0000000080000000, 0x0000000100000000)
  region size 1024K, 31 young (31744K), 1 survivors (1024K)
 Metaspace       used 40887K, committed 42368K, reserved 487424K
  class space    used 5604K, committed 6336K, reserved 421888K
}
Event: 205.058 GC heap after
{Heap after GC invocations=14 (full 0):
 garbage-first heap   total 81920K, used 34140K [0x0000000080000000, 0x0000000100000000)
  region size 1024K, 2 young (2048K), 2 survivors (2048K)
 Metaspace       used 40887K, committed 42368K, reserved 487424K
  class space    used 5604K, committed 6336K, reserved 421888K
}
Event: 252.220 GC heap before
{Heap before GC invocations=14 (full 0):
 garbage-first heap   total 81920K, used 64860K [0x0000000080000000, 0x0000000100000000)
  region size 1024K, 32 young (32768K), 2 survivors (2048K)
 Metaspace       used 44534K, committed 46016K, reserved 487424K
  class space    used 6114K, committed 6848K, reserved 421888K
}
Event: 252.346 GC heap after
{Heap after GC invocations=15 (full 0):
 garbage-first heap   total 81920K, used 35064K [0x0000000080000000, 0x0000000100000000)
  region size 1024K, 3 young (3072K), 3 survivors (3072K)
 Metaspace       used 44534K, committed 46016K, reserved 487424K
  class space    used 6114K, committed 6848K, reserved 421888K
}
Event: 269.571 GC heap before
{Heap before GC invocations=15 (full 0):
 garbage-first heap   total 81920K, used 54520K [0x0000000080000000, 0x0000000100000000)
  region size 1024K, 21 young (21504K), 3 survivors (3072K)
 Metaspace       used 45627K, committed 47168K, reserved 487424K
  class space    used 6271K, committed 7040K, reserved 421888K
}
Event: 269.585 GC heap after
{Heap after GC invocations=16 (full 0):
 garbage-first heap   total 81920K, used 39075K [0x0000000080000000, 0x0000000100000000)
  region size 1024K, 3 young (3072K), 3 survivors (3072K)
 Metaspace       used 45627K, committed 47168K, reserved 487424K
  class space    used 6271K, committed 7040K, reserved 421888K
}
Event: 271.841 GC heap before
{Heap before GC invocations=16 (full 0):
 garbage-first heap   total 81920K, used 68771K [0x0000000080000000, 0x0000000100000000)
  region size 1024K, 29 young (29696K), 3 survivors (3072K)
 Metaspace       used 49831K, committed 51520K, reserved 487424K
  class space    used 6811K, committed 7680K, reserved 421888K
}
Event: 271.852 GC heap after
{Heap after GC invocations=17 (full 0):
 garbage-first heap   total 81920K, used 45442K [0x0000000080000000, 0x0000000100000000)
  region size 1024K, 4 young (4096K), 4 survivors (4096K)
 Metaspace       used 49831K, committed 51520K, reserved 487424K
  class space    used 6811K, committed 7680K, reserved 421888K
}
Event: 273.648 GC heap before
{Heap before GC invocations=17 (full 0):
 garbage-first heap   total 81920K, used 66946K [0x0000000080000000, 0x0000000100000000)
  region size 1024K, 25 young (25600K), 4 survivors (4096K)
 Metaspace       used 52218K, committed 54016K, reserved 487424K
  class space    used 7197K, committed 8128K, reserved 421888K
}
Event: 273.742 GC heap after
{Heap after GC invocations=18 (full 0):
 garbage-first heap   total 81920K, used 46756K [0x0000000080000000, 0x0000000100000000)
  region size 1024K, 2 young (2048K), 2 survivors (2048K)
 Metaspace       used 52218K, committed 54016K, reserved 487424K
  class space    used 7197K, committed 8128K, reserved 421888K
}
Event: 274.476 GC heap before
{Heap before GC invocations=19 (full 0):
 garbage-first heap   total 86016K, used 66212K [0x0000000080000000, 0x0000000100000000)
  region size 1024K, 21 young (21504K), 2 survivors (2048K)
 Metaspace       used 54258K, committed 56064K, reserved 487424K
  class space    used 7488K, committed 8448K, reserved 421888K
}
Event: 274.481 GC heap after
{Heap after GC invocations=20 (full 0):
 garbage-first heap   total 86016K, used 47792K [0x0000000080000000, 0x0000000100000000)
  region size 1024K, 3 young (3072K), 3 survivors (3072K)
 Metaspace       used 54258K, committed 56064K, reserved 487424K
  class space    used 7488K, committed 8448K, reserved 421888K
}
Event: 274.514 GC heap before
{Heap before GC invocations=20 (full 0):
 garbage-first heap   total 86016K, used 48816K [0x0000000080000000, 0x0000000100000000)
  region size 1024K, 4 young (4096K), 3 survivors (3072K)
 Metaspace       used 54421K, committed 56256K, reserved 487424K
  class space    used 7509K, committed 8448K, reserved 421888K
}
Event: 274.520 GC heap after
{Heap after GC invocations=21 (full 0):
 garbage-first heap   total 86016K, used 48008K [0x0000000080000000, 0x0000000100000000)
  region size 1024K, 1 young (1024K), 1 survivors (1024K)
 Metaspace       used 54421K, committed 56256K, reserved 487424K
  class space    used 7509K, committed 8448K, reserved 421888K
}
Event: 276.677 GC heap before
{Heap before GC invocations=21 (full 0):
 garbage-first heap   total 86016K, used 69512K [0x0000000080000000, 0x0000000100000000)
  region size 1024K, 23 young (23552K), 1 survivors (1024K)
 Metaspace       used 57751K, committed 59584K, reserved 487424K
  class space    used 7922K, committed 8896K, reserved 421888K
}
Event: 276.681 GC heap after
{Heap after GC invocations=22 (full 0):
 garbage-first heap   total 86016K, used 49026K [0x0000000080000000, 0x0000000100000000)
  region size 1024K, 2 young (2048K), 2 survivors (2048K)
 Metaspace       used 57751K, committed 59584K, reserved 487424K
  class space    used 7922K, committed 8896K, reserved 421888K
}
Event: 284.822 GC heap before
{Heap before GC invocations=23 (full 0):
 garbage-first heap   total 87040K, used 69506K [0x0000000080000000, 0x0000000100000000)
  region size 1024K, 23 young (23552K), 2 survivors (2048K)
 Metaspace       used 59085K, committed 60864K, reserved 487424K
  class space    used 8067K, committed 9024K, reserved 421888K
}
Event: 284.836 GC heap after
{Heap after GC invocations=24 (full 0):
 garbage-first heap   total 87040K, used 50398K [0x0000000080000000, 0x0000000100000000)
  region size 1024K, 3 young (3072K), 3 survivors (3072K)
 Metaspace       used 59085K, committed 60864K, reserved 487424K
  class space    used 8067K, committed 9024K, reserved 421888K
}
Event: 285.096 GC heap before
{Heap before GC invocations=24 (full 0):
 garbage-first heap   total 87040K, used 51422K [0x0000000080000000, 0x0000000100000000)
  region size 1024K, 4 young (4096K), 3 survivors (3072K)
 Metaspace       used 59247K, committed 61120K, reserved 487424K
  class space    used 8094K, committed 9088K, reserved 421888K
}
Event: 285.101 GC heap after
{Heap after GC invocations=25 (full 0):
 garbage-first heap   total 87040K, used 50584K [0x0000000080000000, 0x0000000100000000)
  region size 1024K, 1 young (1024K), 1 survivors (1024K)
 Metaspace       used 59247K, committed 61120K, reserved 487424K
  class space    used 8094K, committed 9088K, reserved 421888K
}

