# JRE version: Java(TM) SE Runtime Environment (19.0.2+7) (build 19.0.2+7-44)
# Java VM: Java HotSpot(TM) 64-Bit Server VM (19.0.2+7-44, mixed mode, sharing, tiered, compressed oops, compressed class ptrs, g1 gc, windows-amd64)
GC Precious Log:
 CardTable entry size: 512
 Card Set container configuration: InlinePtr #cards 5 size 8 Array Of Cards #cards 12 size 40 Howl #buckets 4 coarsen threshold 1843 Howl Bitmap #cards 512 size 80 coarsen threshold 460 Card regions per heap region 1 cards per card region 2048
 CPUs: 4 total, 4 available
 Memory: 8067M
 Large Page Support: Disabled
 NUMA Support: Disabled
 Compressed Oops: Enabled (32-bit)
 Heap Region Size: 1M
 Heap Min Capacity: 8M
 Heap Initial Capacity: 128M
 Heap Max Capacity: 2G
 Pre-touch: Disabled
 Parallel Workers: 4
 Concurrent Workers: 1
 Concurrent Refinement Workers: 4
 Periodic GC: Disabled
Heap:
 garbage-first heap   total 142336K, used 101381K [0x0000000080000000, 0x0000000100000000)
  region size 1024K, 4 young (4096K), 2 survivors (2048K)
 Metaspace       used 91150K, committed 93248K, reserved 552960K
  class space    used 12318K, committed 13440K, reserved 421888K
GC Heap History (20 events):
Event: 268.479 GC heap before
{Heap before GC invocations=40 (full 0):
 garbage-first heap   total 130048K, used 92427K [0x0000000080000000, 0x0000000100000000)
  region size 1024K, 21 young (21504K), 3 survivors (3072K)
 Metaspace       used 78799K, committed 80704K, reserved 552960K
  class space    used 10532K, committed 11520K, reserved 421888K
}
Event: 268.485 GC heap after
{Heap after GC invocations=41 (full 0):
 garbage-first heap   total 130048K, used 74521K [0x0000000080000000, 0x0000000100000000)
  region size 1024K, 3 young (3072K), 3 survivors (3072K)
 Metaspace       used 78799K, committed 80704K, reserved 552960K
  class space    used 10532K, committed 11520K, reserved 421888K
}
Event: 268.525 GC heap before
{Heap before GC invocations=41 (full 0):
 garbage-first heap   total 130048K, used 77593K [0x0000000080000000, 0x0000000100000000)
  region size 1024K, 6 young (6144K), 3 survivors (3072K)
 Metaspace       used 78799K, committed 80704K, reserved 552960K
  class space    used 10532K, committed 11520K, reserved 421888K
}
Event: 268.530 GC heap after
{Heap after GC invocations=42 (full 0):
 garbage-first heap   total 130048K, used 73977K [0x0000000080000000, 0x0000000100000000)
  region size 1024K, 1 young (1024K), 1 survivors (1024K)
 Metaspace       used 78799K, committed 80704K, reserved 552960K
  class space    used 10532K, committed 11520K, reserved 421888K
}
Event: 304.916 GC heap before
{Heap before GC invocations=42 (full 0):
 garbage-first heap   total 130048K, used 102649K [0x0000000080000000, 0x0000000100000000)
  region size 1024K, 29 young (29696K), 1 survivors (1024K)
 Metaspace       used 79075K, committed 81024K, reserved 552960K
  class space    used 10564K, committed 11584K, reserved 421888K
}
Event: 304.926 GC heap after
{Heap after GC invocations=43 (full 0):
 garbage-first heap   total 130048K, used 76368K [0x0000000080000000, 0x0000000100000000)
  region size 1024K, 3 young (3072K), 3 survivors (3072K)
 Metaspace       used 79075K, committed 81024K, reserved 552960K
  class space    used 10564K, committed 11584K, reserved 421888K
}
Event: 306.430 GC heap before
{Heap before GC invocations=43 (full 0):
 garbage-first heap   total 130048K, used 104016K [0x0000000080000000, 0x0000000100000000)
  region size 1024K, 30 young (30720K), 3 survivors (3072K)
 Metaspace       used 82055K, committed 84032K, reserved 552960K
  class space    used 10981K, committed 12032K, reserved 421888K
}
Event: 306.442 GC heap after
{Heap after GC invocations=44 (full 0):
 garbage-first heap   total 130048K, used 78524K [0x0000000080000000, 0x0000000100000000)
  region size 1024K, 3 young (3072K), 3 survivors (3072K)
 Metaspace       used 82055K, committed 84032K, reserved 552960K
  class space    used 10981K, committed 12032K, reserved 421888K
}
Event: 308.658 GC heap before
{Heap before GC invocations=44 (full 0):
 garbage-first heap   total 130048K, used 105148K [0x0000000080000000, 0x0000000100000000)
  region size 1024K, 29 young (29696K), 3 survivors (3072K)
 Metaspace       used 85287K, committed 87296K, reserved 552960K
  class space    used 11570K, committed 12608K, reserved 421888K
}
Event: 308.666 GC heap after
{Heap after GC invocations=45 (full 0):
 garbage-first heap   total 130048K, used 79967K [0x0000000080000000, 0x0000000100000000)
  region size 1024K, 4 young (4096K), 4 survivors (4096K)
 Metaspace       used 85287K, committed 87296K, reserved 552960K
  class space    used 11570K, committed 12608K, reserved 421888K
}
Event: 325.148 GC heap before
{Heap before GC invocations=46 (full 0):
 garbage-first heap   total 142336K, used 106591K [0x0000000080000000, 0x0000000100000000)
  region size 1024K, 30 young (30720K), 4 survivors (4096K)
 Metaspace       used 86143K, committed 88192K, reserved 552960K
  class space    used 11676K, committed 12736K, reserved 421888K
}
Event: 325.167 GC heap after
{Heap after GC invocations=47 (full 0):
 garbage-first heap   total 142336K, used 82538K [0x0000000080000000, 0x0000000100000000)
  region size 1024K, 4 young (4096K), 4 survivors (4096K)
 Metaspace       used 86143K, committed 88192K, reserved 552960K
  class space    used 11676K, committed 12736K, reserved 421888K
}
Event: 325.193 GC heap before
{Heap before GC invocations=47 (full 0):
 garbage-first heap   total 142336K, used 84586K [0x0000000080000000, 0x0000000100000000)
  region size 1024K, 6 young (6144K), 4 survivors (4096K)
 Metaspace       used 86158K, committed 88192K, reserved 552960K
  class space    used 11676K, committed 12736K, reserved 421888K
}
Event: 325.211 GC heap after
{Heap after GC invocations=48 (full 0):
 garbage-first heap   total 142336K, used 83154K [0x0000000080000000, 0x0000000100000000)
  region size 1024K, 1 young (1024K), 1 survivors (1024K)
 Metaspace       used 86158K, committed 88192K, reserved 552960K
  class space    used 11676K, committed 12736K, reserved 421888K
}
Event: 333.245 GC heap before
{Heap before GC invocations=48 (full 0):
 garbage-first heap   total 142336K, used 118994K [0x0000000080000000, 0x0000000100000000)
  region size 1024K, 33 young (33792K), 1 survivors (1024K)
 Metaspace       used 87656K, committed 89728K, reserved 552960K
  class space    used 11903K, committed 12992K, reserved 421888K
}
Event: 333.262 GC heap after
{Heap after GC invocations=49 (full 0):
 garbage-first heap   total 142336K, used 94599K [0x0000000080000000, 0x0000000100000000)
  region size 1024K, 5 young (5120K), 5 survivors (5120K)
 Metaspace       used 87656K, committed 89728K, reserved 552960K
  class space    used 11903K, committed 12992K, reserved 421888K
}
Event: 338.972 GC heap before
{Heap before GC invocations=49 (full 0):
 garbage-first heap   total 142336K, used 115079K [0x0000000080000000, 0x0000000100000000)
  region size 1024K, 26 young (26624K), 5 survivors (5120K)
 Metaspace       used 89947K, committed 92096K, reserved 552960K
  class space    used 12127K, committed 13248K, reserved 421888K
}
Event: 338.993 GC heap after
{Heap after GC invocations=50 (full 0):
 garbage-first heap   total 142336K, used 98898K [0x0000000080000000, 0x0000000100000000)
  region size 1024K, 4 young (4096K), 4 survivors (4096K)
 Metaspace       used 89947K, committed 92096K, reserved 552960K
  class space    used 12127K, committed 13248K, reserved 421888K
}
Event: 341.002 GC heap before
{Heap before GC invocations=50 (full 0):
 garbage-first heap   total 142336K, used 117330K [0x0000000080000000, 0x0000000100000000)
  region size 1024K, 23 young (23552K), 4 survivors (4096K)
 Metaspace       used 91088K, committed 93248K, reserved 552960K
  class space    used 12309K, committed 13440K, reserved 421888K
}
Event: 341.426 GC heap after
{Heap after GC invocations=51 (full 0):
 garbage-first heap   total 142336K, used 100357K [0x0000000080000000, 0x0000000100000000)
  region size 1024K, 2 young (2048K), 2 survivors (2048K)
 Metaspace       used 91088K, committed 93248K, reserved 552960K
  class space    used 12309K, committed 13440K, reserved 421888K
}

