# JRE version: Java(TM) SE Runtime Environment (19.0.2+7) (build 19.0.2+7-44)
# Java VM: Java HotSpot(TM) 64-Bit Server VM (19.0.2+7-44, mixed mode, sharing, tiered, compressed oops, compressed class ptrs, g1 gc, windows-amd64)
GC Precious Log:
 CardTable entry size: 512
 Card Set container configuration: InlinePtr #cards 5 size 8 Array Of Cards #cards 12 size 40 Howl #buckets 4 coarsen threshold 1843 Howl Bitmap #cards 512 size 80 coarsen threshold 460 Card regions per heap region 1 cards per card region 2048
 CPUs: 4 total, 4 available
 Memory: 8067M
 Large Page Support: Disabled
 NUMA Support: Disabled
 Compressed Oops: Enabled (32-bit)
 Heap Region Size: 1M
 Heap Min Capacity: 8M
 Heap Initial Capacity: 128M
 Heap Max Capacity: 2G
 Pre-touch: Disabled
 Parallel Workers: 4
 Concurrent Workers: 1
 Concurrent Refinement Workers: 4
 Periodic GC: Disabled
Heap:
 garbage-first heap   total 87040K, used 55951K [0x0000000080000000, 0x0000000100000000)
  region size 1024K, 7 young (7168K), 3 survivors (3072K)
 Metaspace       used 62153K, committed 64000K, reserved 487424K
  class space    used 8530K, committed 9472K, reserved 421888K
GC Heap History (20 events):
Event: 245.729 GC heap before
{Heap before GC invocations=15 (full 0):
 garbage-first heap   total 81920K, used 56358K [0x0000000080000000, 0x0000000100000000)
  region size 1024K, 23 young (23552K), 3 survivors (3072K)
 Metaspace       used 45625K, committed 47168K, reserved 487424K
  class space    used 6257K, committed 7040K, reserved 421888K
}
Event: 245.741 GC heap after
{Heap after GC invocations=16 (full 0):
 garbage-first heap   total 81920K, used 39742K [0x0000000080000000, 0x0000000100000000)
  region size 1024K, 4 young (4096K), 4 survivors (4096K)
 Metaspace       used 45625K, committed 47168K, reserved 487424K
  class space    used 6257K, committed 7040K, reserved 421888K
}
Event: 248.313 GC heap before
{Heap before GC invocations=16 (full 0):
 garbage-first heap   total 81920K, used 69438K [0x0000000080000000, 0x0000000100000000)
  region size 1024K, 30 young (30720K), 4 survivors (4096K)
 Metaspace       used 49846K, committed 51520K, reserved 487424K
  class space    used 6800K, committed 7680K, reserved 421888K
}
Event: 248.321 GC heap after
{Heap after GC invocations=17 (full 0):
 garbage-first heap   total 81920K, used 45970K [0x0000000080000000, 0x0000000100000000)
  region size 1024K, 4 young (4096K), 4 survivors (4096K)
 Metaspace       used 49846K, committed 51520K, reserved 487424K
  class space    used 6800K, committed 7680K, reserved 421888K
}
Event: 250.417 GC heap before
{Heap before GC invocations=17 (full 0):
 garbage-first heap   total 81920K, used 67474K [0x0000000080000000, 0x0000000100000000)
  region size 1024K, 25 young (25600K), 4 survivors (4096K)
 Metaspace       used 52225K, committed 53952K, reserved 487424K
  class space    used 7184K, committed 8064K, reserved 421888K
}
Event: 250.618 GC heap after
{Heap after GC invocations=18 (full 0):
 garbage-first heap   total 81920K, used 47507K [0x0000000080000000, 0x0000000100000000)
  region size 1024K, 2 young (2048K), 2 survivors (2048K)
 Metaspace       used 52225K, committed 53952K, reserved 487424K
  class space    used 7184K, committed 8064K, reserved 421888K
}
Event: 251.656 GC heap before
{Heap before GC invocations=19 (full 0):
 garbage-first heap   total 83968K, used 66963K [0x0000000080000000, 0x0000000100000000)
  region size 1024K, 21 young (21504K), 2 survivors (2048K)
 Metaspace       used 54264K, committed 56000K, reserved 487424K
  class space    used 7472K, committed 8384K, reserved 421888K
}
Event: 251.660 GC heap after
{Heap after GC invocations=20 (full 0):
 garbage-first heap   total 83968K, used 48469K [0x0000000080000000, 0x0000000100000000)
  region size 1024K, 3 young (3072K), 3 survivors (3072K)
 Metaspace       used 54264K, committed 56000K, reserved 487424K
  class space    used 7472K, committed 8384K, reserved 421888K
}
Event: 251.715 GC heap before
{Heap before GC invocations=20 (full 0):
 garbage-first heap   total 83968K, used 49493K [0x0000000080000000, 0x0000000100000000)
  region size 1024K, 4 young (4096K), 3 survivors (3072K)
 Metaspace       used 54437K, committed 56128K, reserved 487424K
  class space    used 7494K, committed 8384K, reserved 421888K
}
Event: 251.720 GC heap after
{Heap after GC invocations=21 (full 0):
 garbage-first heap   total 83968K, used 48353K [0x0000000080000000, 0x0000000100000000)
  region size 1024K, 1 young (1024K), 1 survivors (1024K)
 Metaspace       used 54437K, committed 56128K, reserved 487424K
  class space    used 7494K, committed 8384K, reserved 421888K
}
Event: 253.332 GC heap before
{Heap before GC invocations=21 (full 0):
 garbage-first heap   total 83968K, used 67809K [0x0000000080000000, 0x0000000100000000)
  region size 1024K, 21 young (21504K), 1 survivors (1024K)
 Metaspace       used 57428K, committed 59136K, reserved 487424K
  class space    used 7869K, committed 8768K, reserved 421888K
}
Event: 253.335 GC heap after
{Heap after GC invocations=22 (full 0):
 garbage-first heap   total 83968K, used 49352K [0x0000000080000000, 0x0000000100000000)
  region size 1024K, 2 young (2048K), 2 survivors (2048K)
 Metaspace       used 57428K, committed 59136K, reserved 487424K
  class space    used 7869K, committed 8768K, reserved 421888K
}
Event: 266.477 GC heap before
{Heap before GC invocations=23 (full 0):
 garbage-first heap   total 87040K, used 67784K [0x0000000080000000, 0x0000000100000000)
  region size 1024K, 21 young (21504K), 2 survivors (2048K)
 Metaspace       used 58595K, committed 60288K, reserved 487424K
  class space    used 7994K, committed 8896K, reserved 421888K
}
Event: 266.483 GC heap after
{Heap after GC invocations=24 (full 0):
 garbage-first heap   total 87040K, used 50657K [0x0000000080000000, 0x0000000100000000)
  region size 1024K, 3 young (3072K), 3 survivors (3072K)
 Metaspace       used 58595K, committed 60288K, reserved 487424K
  class space    used 7994K, committed 8896K, reserved 421888K
}
Event: 266.609 GC heap before
{Heap before GC invocations=24 (full 0):
 garbage-first heap   total 87040K, used 51681K [0x0000000080000000, 0x0000000100000000)
  region size 1024K, 4 young (4096K), 3 survivors (3072K)
 Metaspace       used 58659K, committed 60352K, reserved 487424K
  class space    used 8006K, committed 8896K, reserved 421888K
}
Event: 266.615 GC heap after
{Heap after GC invocations=25 (full 0):
 garbage-first heap   total 87040K, used 50548K [0x0000000080000000, 0x0000000100000000)
  region size 1024K, 1 young (1024K), 1 survivors (1024K)
 Metaspace       used 58659K, committed 60352K, reserved 487424K
  class space    used 8006K, committed 8896K, reserved 421888K
}
Event: 279.108 GC heap before
{Heap before GC invocations=25 (full 0):
 garbage-first heap   total 87040K, used 71028K [0x0000000080000000, 0x0000000100000000)
  region size 1024K, 21 young (21504K), 1 survivors (1024K)
 Metaspace       used 60698K, committed 62464K, reserved 487424K
  class space    used 8293K, committed 9216K, reserved 421888K
}
Event: 279.114 GC heap after
{Heap after GC invocations=26 (full 0):
 garbage-first heap   total 87040K, used 51704K [0x0000000080000000, 0x0000000100000000)
  region size 1024K, 2 young (2048K), 2 survivors (2048K)
 Metaspace       used 60698K, committed 62464K, reserved 487424K
  class space    used 8293K, committed 9216K, reserved 421888K
}
Event: 283.791 GC heap before
{Heap before GC invocations=26 (full 0):
 garbage-first heap   total 87040K, used 70136K [0x0000000080000000, 0x0000000100000000)
  region size 1024K, 21 young (21504K), 2 survivors (2048K)
 Metaspace       used 61847K, committed 63680K, reserved 487424K
  class space    used 8487K, committed 9408K, reserved 421888K
}
Event: 283.797 GC heap after
{Heap after GC invocations=27 (full 0):
 garbage-first heap   total 87040K, used 52879K [0x0000000080000000, 0x0000000100000000)
  region size 1024K, 3 young (3072K), 3 survivors (3072K)
 Metaspace       used 61847K, committed 63680K, reserved 487424K
  class space    used 8487K, committed 9408K, reserved 421888K
}

