# JRE version: Java(TM) SE Runtime Environment (19.0.2+7) (build 19.0.2+7-44)
# Java VM: Java HotSpot(TM) 64-Bit Server VM (19.0.2+7-44, mixed mode, sharing, tiered, compressed oops, compressed class ptrs, g1 gc, windows-amd64)
GC Precious Log:
 CardTable entry size: 512
 Card Set container configuration: InlinePtr #cards 5 size 8 Array Of Cards #cards 12 size 40 Howl #buckets 4 coarsen threshold 1843 Howl Bitmap #cards 512 size 80 coarsen threshold 460 Card regions per heap region 1 cards per card region 2048
 CPUs: 4 total, 4 available
 Memory: 8067M
 Large Page Support: Disabled
 NUMA Support: Disabled
 Compressed Oops: Enabled (32-bit)
 Heap Region Size: 1M
 Heap Min Capacity: 8M
 Heap Initial Capacity: 128M
 Heap Max Capacity: 2G
 Pre-touch: Disabled
 Parallel Workers: 4
 Concurrent Workers: 1
 Concurrent Refinement Workers: 4
 Periodic GC: Disabled
Heap:
 garbage-first heap   total 99328K, used 72136K [0x0000000080000000, 0x0000000100000000)
  region size 1024K, 11 young (11264K), 2 survivors (2048K)
 Metaspace       used 71010K, committed 72960K, reserved 487424K
  class space    used 9580K, committed 10560K, reserved 421888K
GC Heap History (20 events):
Event: 228.938 GC heap before
{Heap before GC invocations=20 (full 0):
 garbage-first heap   total 86016K, used 69711K [0x0000000080000000, 0x0000000100000000)
  region size 1024K, 23 young (23552K), 1 survivors (1024K)
 Metaspace       used 58378K, committed 60160K, reserved 487424K
  class space    used 7993K, committed 8896K, reserved 421888K
}
Event: 228.942 GC heap after
{Heap after GC invocations=21 (full 0):
 garbage-first heap   total 86016K, used 50236K [0x0000000080000000, 0x0000000100000000)
  region size 1024K, 3 young (3072K), 3 survivors (3072K)
 Metaspace       used 58378K, committed 60160K, reserved 487424K
  class space    used 7993K, committed 8896K, reserved 421888K
}
Event: 242.274 GC heap before
{Heap before GC invocations=22 (full 0):
 garbage-first heap   total 92160K, used 68668K [0x0000000080000000, 0x0000000100000000)
  region size 1024K, 22 young (22528K), 3 survivors (3072K)
 Metaspace       used 59585K, committed 61376K, reserved 487424K
  class space    used 8145K, committed 9088K, reserved 421888K
}
Event: 242.279 GC heap after
{Heap after GC invocations=23 (full 0):
 garbage-first heap   total 92160K, used 50513K [0x0000000080000000, 0x0000000100000000)
  region size 1024K, 1 young (1024K), 1 survivors (1024K)
 Metaspace       used 59585K, committed 61376K, reserved 487424K
  class space    used 8145K, committed 9088K, reserved 421888K
}
Event: 242.863 GC heap before
{Heap before GC invocations=23 (full 0):
 garbage-first heap   total 92160K, used 53585K [0x0000000080000000, 0x0000000100000000)
  region size 1024K, 4 young (4096K), 1 survivors (1024K)
 Metaspace       used 59949K, committed 61824K, reserved 487424K
  class space    used 8197K, committed 9152K, reserved 421888K
}
Event: 242.869 GC heap after
{Heap after GC invocations=24 (full 0):
 garbage-first heap   total 92160K, used 50408K [0x0000000080000000, 0x0000000100000000)
  region size 1024K, 1 young (1024K), 1 survivors (1024K)
 Metaspace       used 59949K, committed 61824K, reserved 487424K
  class space    used 8197K, committed 9152K, reserved 421888K
}
Event: 250.516 GC heap before
{Heap before GC invocations=24 (full 0):
 garbage-first heap   total 92160K, used 76008K [0x0000000080000000, 0x0000000100000000)
  region size 1024K, 26 young (26624K), 1 survivors (1024K)
 Metaspace       used 61639K, committed 63488K, reserved 487424K
  class space    used 8465K, committed 9408K, reserved 421888K
}
Event: 250.520 GC heap after
{Heap after GC invocations=25 (full 0):
 garbage-first heap   total 92160K, used 52295K [0x0000000080000000, 0x0000000100000000)
  region size 1024K, 3 young (3072K), 3 survivors (3072K)
 Metaspace       used 61639K, committed 63488K, reserved 487424K
  class space    used 8465K, committed 9408K, reserved 421888K
}
Event: 253.317 GC heap before
{Heap before GC invocations=25 (full 0):
 garbage-first heap   total 92160K, used 75847K [0x0000000080000000, 0x0000000100000000)
  region size 1024K, 26 young (26624K), 3 survivors (3072K)
 Metaspace       used 62992K, committed 64832K, reserved 487424K
  class space    used 8626K, committed 9600K, reserved 421888K
}
Event: 253.327 GC heap after
{Heap after GC invocations=26 (full 0):
 garbage-first heap   total 92160K, used 54643K [0x0000000080000000, 0x0000000100000000)
  region size 1024K, 4 young (4096K), 4 survivors (4096K)
 Metaspace       used 62992K, committed 64832K, reserved 487424K
  class space    used 8626K, committed 9600K, reserved 421888K
}
Event: 255.924 GC heap before
{Heap before GC invocations=26 (full 0):
 garbage-first heap   total 92160K, used 76147K [0x0000000080000000, 0x0000000100000000)
  region size 1024K, 25 young (25600K), 4 survivors (4096K)
 Metaspace       used 65109K, committed 67008K, reserved 487424K
  class space    used 8961K, committed 9920K, reserved 421888K
}
Event: 255.935 GC heap after
{Heap after GC invocations=27 (full 0):
 garbage-first heap   total 92160K, used 56910K [0x0000000080000000, 0x0000000100000000)
  region size 1024K, 3 young (3072K), 3 survivors (3072K)
 Metaspace       used 65109K, committed 67008K, reserved 487424K
  class space    used 8961K, committed 9920K, reserved 421888K
}
Event: 261.890 GC heap before
{Heap before GC invocations=28 (full 0):
 garbage-first heap   total 99328K, used 75342K [0x0000000080000000, 0x0000000100000000)
  region size 1024K, 21 young (21504K), 3 survivors (3072K)
 Metaspace       used 66683K, committed 68544K, reserved 487424K
  class space    used 9132K, committed 10112K, reserved 421888K
}
Event: 261.896 GC heap after
{Heap after GC invocations=29 (full 0):
 garbage-first heap   total 99328K, used 58952K [0x0000000080000000, 0x0000000100000000)
  region size 1024K, 3 young (3072K), 3 survivors (3072K)
 Metaspace       used 66683K, committed 68544K, reserved 487424K
  class space    used 9132K, committed 10112K, reserved 421888K
}
Event: 261.908 GC heap before
{Heap before GC invocations=29 (full 0):
 garbage-first heap   total 99328K, used 59976K [0x0000000080000000, 0x0000000100000000)
  region size 1024K, 4 young (4096K), 3 survivors (3072K)
 Metaspace       used 66691K, committed 68608K, reserved 487424K
  class space    used 9132K, committed 10112K, reserved 421888K
}
Event: 261.915 GC heap after
{Heap after GC invocations=30 (full 0):
 garbage-first heap   total 99328K, used 59200K [0x0000000080000000, 0x0000000100000000)
  region size 1024K, 1 young (1024K), 1 survivors (1024K)
 Metaspace       used 66691K, committed 68608K, reserved 487424K
  class space    used 9132K, committed 10112K, reserved 421888K
}
Event: 303.400 GC heap before
{Heap before GC invocations=30 (full 0):
 garbage-first heap   total 99328K, used 82752K [0x0000000080000000, 0x0000000100000000)
  region size 1024K, 23 young (23552K), 1 survivors (1024K)
 Metaspace       used 66962K, committed 68800K, reserved 487424K
  class space    used 9159K, committed 10112K, reserved 421888K
}
Event: 303.403 GC heap after
{Heap after GC invocations=31 (full 0):
 garbage-first heap   total 99328K, used 63076K [0x0000000080000000, 0x0000000100000000)
  region size 1024K, 3 young (3072K), 3 survivors (3072K)
 Metaspace       used 66962K, committed 68800K, reserved 487424K
  class space    used 9159K, committed 10112K, reserved 421888K
}
Event: 308.162 GC heap before
{Heap before GC invocations=31 (full 0):
 garbage-first heap   total 99328K, used 80484K [0x0000000080000000, 0x0000000100000000)
  region size 1024K, 21 young (21504K), 3 survivors (3072K)
 Metaspace       used 69474K, committed 71296K, reserved 487424K
  class space    used 9424K, committed 10368K, reserved 421888K
}
Event: 308.166 GC heap after
{Heap after GC invocations=32 (full 0):
 garbage-first heap   total 99328K, used 64968K [0x0000000080000000, 0x0000000100000000)
  region size 1024K, 2 young (2048K), 2 survivors (2048K)
 Metaspace       used 69474K, committed 71296K, reserved 487424K
  class space    used 9424K, committed 10368K, reserved 421888K
}

